<?xml version="1.0" encoding="UTF-8"?>
<!-- Generated by org.testng.reporters.JUnitReportReporter -->
<testsuite hostname="DESKTOP-T16E1IM" failures="0" tests="2" name="com.testingfeatures.Grouping_Test" time="0.028" errors="0" timestamp="2022-01-20T12:43:36 IST" skipped="0">
  <testcase classname="com.testingfeatures.Grouping_Test" name="MintLemon" time="0.024"/>
  <system-out/>
  <testcase classname="com.testingfeatures.Grouping_Test" name="WaterMelon" time="0.004"/>
  <system-out/>
</testsuite> <!-- com.testingfeatures.Grouping_Test -->
