<?xml version="1.0" encoding="UTF-8"?>
<!-- Generated by org.testng.reporters.JUnitReportReporter -->
<testsuite hostname="DESKTOP-T16E1IM" failures="0" tests="1" name="com.testingfeatures.Exception_1" time="0.047" errors="0" timestamp="2022-01-25T17:27:14 IST" skipped="0">
  <testcase classname="com.testingfeatures.Exception_1" name="demo" time="0.047"/>
  <system-out/>
</testsuite> <!-- com.testingfeatures.Exception_1 -->
