<?xml version="1.0" encoding="UTF-8"?>
<!-- Generated by org.testng.reporters.JUnitReportReporter -->
<testsuite hostname="DESKTOP-T16E1IM" failures="0" tests="1" name="com.testingfeatures.Hard_Assert" time="0.018" errors="0" timestamp="2022-01-28T15:45:29 IST" skipped="0">
  <testcase classname="com.testingfeatures.Hard_Assert" name="demoPassword" time="0.018"/>
  <system-out/>
</testsuite> <!-- com.testingfeatures.Hard_Assert -->
