<?xml version="1.0" encoding="UTF-8"?>
<!-- Generated by org.testng.reporters.JUnitReportReporter -->
<testsuite hostname="DESKTOP-T16E1IM" failures="0" tests="3" name="com.testingfeatures.Dataprovider_Concept" time="0.045" errors="0" timestamp="2022-01-28T15:27:03 IST" skipped="0">
  <testcase classname="com.testingfeatures.Dataprovider_Concept" name="Credentials" time="0.003"/>
  <system-out/>
  <testcase classname="com.testingfeatures.Dataprovider_Concept" name="Credentials" time="0.037"/>
  <system-out/>
  <testcase classname="com.testingfeatures.Dataprovider_Concept" name="Credentials" time="0.005"/>
  <system-out/>
</testsuite> <!-- com.testingfeatures.Dataprovider_Concept -->
