<?xml version="1.0" encoding="UTF-8"?>
<!-- Generated by org.testng.reporters.JUnitReportReporter -->
<testsuite hostname="DESKTOP-T16E1IM" failures="0" tests="2" name="com.testingfeatures.Dependency_Concept" time="0.056" errors="0" timestamp="2022-02-01T13:47:42 IST" skipped="0">
  <testcase classname="com.testingfeatures.Dependency_Concept" name="Ug" time="0.051"/>
  <system-out/>
  <testcase classname="com.testingfeatures.Dependency_Concept" name="Pg" time="0.005"/>
  <system-out/>
</testsuite> <!-- com.testingfeatures.Dependency_Concept -->
