<?xml version="1.0" encoding="UTF-8"?>
<!-- Generated by org.testng.reporters.JUnitReportReporter -->
<testsuite hostname="DESKTOP-T16E1IM" failures="0" tests="2" name="com.testingfeatures.Ignore_Test" time="0.013" errors="0" timestamp="2022-01-19T12:28:18 IST" skipped="1">
  <testcase classname="com.testingfeatures.Ignore_Test" name="Undertaker" time="0.013"/>
  <system-out/>
  <testcase classname="com.testingfeatures.Ignore_Test" name="StoneCold">
    <skipped/>
  </testcase> <!-- StoneCold -->
  <system-out/>
</testsuite> <!-- com.testingfeatures.Ignore_Test -->
