<?xml version="1.0" encoding="UTF-8"?>
<!-- Generated by org.testng.reporters.JUnitReportReporter -->
<testsuite hostname="DESKTOP-T16E1IM" failures="0" tests="5" name="com.testingfeatures.Simple_Annotations" time="0.113" errors="0" timestamp="2022-01-19T12:16:11 IST" skipped="0">
  <testcase classname="com.testingfeatures.Simple_Annotations" name="Tv" time="0.026"/>
  <system-out/>
  <testcase classname="com.testingfeatures.Simple_Annotations" name="Mobile" time="0.036"/>
  <system-out/>
  <testcase classname="com.testingfeatures.Simple_Annotations" name="Laptop" time="0.013"/>
  <system-out/>
  <testcase classname="com.testingfeatures.Simple_Annotations" name="Laptop" time="0.030"/>
  <system-out/>
  <testcase classname="com.testingfeatures.Simple_Annotations" name="Laptop" time="0.008"/>
  <system-out/>
</testsuite> <!-- com.testingfeatures.Simple_Annotations -->
