<?xml version="1.0" encoding="UTF-8"?>
<!-- Generated by org.testng.reporters.JUnitReportReporter -->
<testsuite hostname="DESKTOP-T16E1IM" failures="0" tests="1" name="com.testingfeatures.Parameters_Concept" time="0.013" errors="0" timestamp="2022-01-25T18:26:32 IST" skipped="0">
  <testcase classname="com.testingfeatures.Parameters_Concept" name="Login" time="0.013"/>
  <system-out/>
</testsuite> <!-- com.testingfeatures.Parameters_Concept -->
