<?xml version="1.0" encoding="UTF-8"?>
<!-- Generated by org.testng.reporters.JUnitReportReporter -->
<testsuite hostname="DESKTOP-T16E1IM" failures="0" tests="1" name="com.testingfeatures.TimeOut_Test" time="7.045" errors="0" timestamp="2022-01-20T12:53:07 IST" skipped="0">
  <testcase classname="com.testingfeatures.TimeOut_Test" name="Demo" time="7.045"/>
  <system-out/>
</testsuite> <!-- com.testingfeatures.TimeOut_Test -->
