<?xml version="1.0" encoding="UTF-8"?>
<!-- Generated by org.testng.reporters.JUnitReportReporter -->
<testsuite hostname="DESKTOP-T16E1IM" failures="0" tests="1" name="com.testingfeatures.Soft_Assert" time="0.019" errors="0" timestamp="2022-01-28T16:02:46 IST" skipped="0">
  <testcase classname="com.testingfeatures.Soft_Assert" name="demoUsername" time="0.019"/>
  <system-out/>
</testsuite> <!-- com.testingfeatures.Soft_Assert -->
